Build started 11-Dec-15 5:51:50 PM.
     1>Project "C:\Users\Daniel\Desktop\Programming\SFML\MyFrameWork\EmptyGame\EmptyGame.vcxproj" on node 2 (Build target(s)).
     1>ClCompile:
         C:\Program Files (x86)\Microsoft Visual Studio 12.0\VC\bin\CL.exe /c /I..\SFML\include /ZI /nologo /W3 /WX- /sdl /Od /Oy- /D _MBCS /Gm /EHsc /RTC1 /MDd /GS /fp:precise /Zc:wchar_t /Zc:forScope /Fo"Debug\\" /Fd"Debug\vc120.pdb" /Gd /TP /analyze- /errorReport:prompt Snake.cpp
         Snake.cpp
     1>c:\users\daniel\desktop\programming\sfml\myframework\emptygame\snake.cpp(36): warning C4018: '<' : signed/unsigned mismatch
       Link:
         C:\Program Files (x86)\Microsoft Visual Studio 12.0\VC\bin\link.exe /ERRORREPORT:PROMPT /OUT:"C:\Users\Daniel\Desktop\Programming\SFML\MyFrameWork\Debug\EmptyGame.exe" /INCREMENTAL /NOLOGO /LIBPATH:..\SFML\lib "sfml-graphics-d.lib" "sfml-window-d.lib" "sfml-system-d.lib" "sfml-main-d.lib" "sfml-network-d.lib" kernel32.lib user32.lib gdi32.lib winspool.lib comdlg32.lib advapi32.lib shell32.lib ole32.lib oleaut32.lib uuid.lib odbc32.lib odbccp32.lib /MANIFEST /MANIFESTUAC:"level='asInvoker' uiAccess='false'" /manifest:embed /DEBUG /PDB:"C:\Users\Daniel\Desktop\Programming\SFML\MyFrameWork\Debug\EmptyGame.pdb" /SUBSYSTEM:WINDOWS /TLBID:1 /DYNAMICBASE /NXCOMPAT /IMPLIB:"C:\Users\Daniel\Desktop\Programming\SFML\MyFrameWork\Debug\EmptyGame.lib" /MACHINE:X86 Debug\Application.obj
         Debug\GameObject.obj
         Debug\GameState.obj
         Debug\GetHostState.obj
         Debug\InitNetworkState.obj
         Debug\InitState.obj
         Debug\Level.obj
         Debug\main.obj
         Debug\NetworkState.obj
         Debug\PauseState.obj
         Debug\Player.obj
         Debug\Snake.obj
         Debug\StartScreenState.obj
         Debug\State.obj
         Debug\WaitState.obj
         EmptyGame.vcxproj -> C:\Users\Daniel\Desktop\Programming\SFML\MyFrameWork\Debug\EmptyGame.exe
     1>Done Building Project "C:\Users\Daniel\Desktop\Programming\SFML\MyFrameWork\EmptyGame\EmptyGame.vcxproj" (Build target(s)).

Build succeeded.

Time Elapsed 00:00:01.83
